# JRE version: OpenJDK Runtime Environment (7.0_79-b14) (build 1.7.0_79-b14)
# Java VM: OpenJDK Client VM (24.79-b02 mixed mode, sharing linux-x86 )
Heap
 def new generation   total 46656K, used 8938K [0x62800000, 0x65a90000, 0x6d2a0000)
  eden space 41536K,  19% used [0x62800000, 0x62fcbcb8, 0x65090000)
  from space 5120K,  18% used [0x65590000, 0x6567eb58, 0x65a90000)
  to   space 5120K,   0% used [0x65090000, 0x65090000, 0x65590000)
 tenured generation   total 103388K, used 48573K [0x6d2a0000, 0x73797000, 0x82800000)
   the space 103388K,  46% used [0x6d2a0000, 0x7020f428, 0x7020f600, 0x73797000)
 compacting perm gen  total 47872K, used 47828K [0x82800000, 0x856c0000, 0x92800000)
   the space 47872K,  99% used [0x82800000, 0x856b5260, 0x856b5400, 0x856c0000)
    ro space 10240K,  58% used [0x92800000, 0x92de1558, 0x92de1600, 0x93200000)
    rw space 12288K,  59% used [0x93200000, 0x939164e8, 0x93916600, 0x93e00000)
GC Heap History (10 events):
Event: 883,897 GC heap before
{Heap before GC invocations=108 (full 21):
 def new generation   total 46656K, used 24851K [0x62800000, 0x65a90000, 0x6d2a0000)
  eden space 41536K,  58% used [0x62800000, 0x63f9bd90, 0x65090000)
  from space 5120K,  13% used [0x65590000, 0x65639068, 0x65a90000)
  to   space 5120K,   0% used [0x65090000, 0x65090000, 0x65590000)
 tenured generation   total 103388K, used 48035K [0x6d2a0000, 0x73797000, 0x82800000)
   the space 103388K,  46% used [0x6d2a0000, 0x70188c90, 0x70188e00, 0x73797000)
 compacting perm gen  total 47872K, used 47828K [0x82800000, 0x856c0000, 0x92800000)
   the space 47872K,  99% used [0x82800000, 0x856b51c0, 0x856b5200, 0x856c0000)
    ro space 10240K,  58% used [0x92800000, 0x92de1558, 0x92de1600, 0x93200000)
    rw space 12288K,  59% used [0x93200000, 0x939164e8, 0x93916600, 0x93e00000)
Event: 884,406 GC heap after
Heap after GC invocations=109 (full 22):
 def new generation   total 46656K, used 0K [0x62800000, 0x65a90000, 0x6d2a0000)
  eden space 41536K,   0% used [0x62800000, 0x62800000, 0x65090000)
  from space 5120K,   0% used [0x65590000, 0x65590000, 0x65a90000)
  to   space 5120K,   0% used [0x65090000, 0x65090000, 0x65590000)
 tenured generation   total 103388K, used 48573K [0x6d2a0000, 0x73797000, 0x82800000)
   the space 103388K,  46% used [0x6d2a0000, 0x7020f428, 0x7020f600, 0x73797000)
 compacting perm gen  total 47872K, used 47828K [0x82800000, 0x856c0000, 0x92800000)
   the space 47872K,  99% used [0x82800000, 0x856b51c0, 0x856b5200, 0x856c0000)
    ro space 10240K,  58% used [0x92800000, 0x92de1558, 0x92de1600, 0x93200000)
    rw space 12288K,  59% used [0x93200000, 0x939164e8, 0x93916600, 0x93e00000)
}
Event: 907,541 GC heap before
{Heap before GC invocations=109 (full 22):
 def new generation   total 46656K, used 41536K [0x62800000, 0x65a90000, 0x6d2a0000)
  eden space 41536K, 100% used [0x62800000, 0x65090000, 0x65090000)
  from space 5120K,   0% used [0x65590000, 0x65590000, 0x65a90000)
  to   space 5120K,   0% used [0x65090000, 0x65090000, 0x65590000)
 tenured generation   total 103388K, used 48573K [0x6d2a0000, 0x73797000, 0x82800000)
   the space 103388K,  46% used [0x6d2a0000, 0x7020f428, 0x7020f600, 0x73797000)
 compacting perm gen  total 47872K, used 47828K [0x82800000, 0x856c0000, 0x92800000)
   the space 47872K,  99% used [0x82800000, 0x856b51d0, 0x856b5200, 0x856c0000)
    ro space 10240K,  58% used [0x92800000, 0x92de1558, 0x92de1600, 0x93200000)
    rw space 12288K,  59% used [0x93200000, 0x939164e8, 0x93916600, 0x93e00000)
Event: 907,552 GC heap after
Heap after GC invocations=110 (full 22):
 def new generation   total 46656K, used 1158K [0x62800000, 0x65a90000, 0x6d2a0000)
  eden space 41536K,   0% used [0x62800000, 0x62800000, 0x65090000)
  from space 5120K,  22% used [0x65090000, 0x651b1be0, 0x65590000)
  to   space 5120K,   0% used [0x65590000, 0x65590000, 0x65a90000)
 tenured generation   total 103388K, used 48573K [0x6d2a0000, 0x73797000, 0x82800000)
   the space 103388K,  46% used [0x6d2a0000, 0x7020f428, 0x7020f600, 0x73797000)
 compacting perm gen  total 47872K, used 47828K [0x82800000, 0x856c0000, 0x92800000)
   the space 47872K,  99% used [0x82800000, 0x856b51d0, 0x856b5200, 0x856c0000)
    ro space 10240K,  58% used [0x92800000, 0x92de1558, 0x92de1600, 0x93200000)
    rw space 12288K,  59% used [0x93200000, 0x939164e8, 0x93916600, 0x93e00000)
}
Event: 919,952 GC heap before
{Heap before GC invocations=110 (full 22):
 def new generation   total 46656K, used 43290K [0x62800000, 0x65a90000, 0x6d2a0000)
  eden space 41536K, 100% used [0x62800000, 0x65090000, 0x65090000)
  from space 5120K,  34% used [0x65090000, 0x65246978, 0x65590000)
  to   space 5120K,   0% used [0x65590000, 0x65590000, 0x65a90000)
 tenured generation   total 103388K, used 48573K [0x6d2a0000, 0x73797000, 0x82800000)
   the space 103388K,  46% used [0x6d2a0000, 0x7020f428, 0x7020f600, 0x73797000)
 compacting perm gen  total 47872K, used 47828K [0x82800000, 0x856c0000, 0x92800000)
   the space 47872K,  99% used [0x82800000, 0x856b5230, 0x856b5400, 0x856c0000)
    ro space 10240K,  58% used [0x92800000, 0x92de1558, 0x92de1600, 0x93200000)
    rw space 12288K,  59% used [0x93200000, 0x939164e8, 0x93916600, 0x93e00000)
Event: 919,964 GC heap after
Heap after GC invocations=111 (full 22):
 def new generation   total 46656K, used 912K [0x62800000, 0x65a90000, 0x6d2a0000)
  eden space 41536K,   0% used [0x62800000, 0x62800000, 0x65090000)
  from space 5120K,  17% used [0x65590000, 0x656742f0, 0x65a90000)
  to   space 5120K,   0% used [0x65090000, 0x65090000, 0x65590000)
 tenured generation   total 103388K, used 48573K [0x6d2a0000, 0x73797000, 0x82800000)
   the space 103388K,  46% used [0x6d2a0000, 0x7020f428, 0x7020f600, 0x73797000)
 compacting perm gen  total 47872K, used 47828K [0x82800000, 0x856c0000, 0x92800000)
   the space 47872K,  99% used [0x82800000, 0x856b5230, 0x856b5400, 0x856c0000)
    ro space 10240K,  58% used [0x92800000, 0x92de1558, 0x92de1600, 0x93200000)
    rw space 12288K,  59% used [0x93200000, 0x939164e8, 0x93916600, 0x93e00000)
}
Event: 920,405 GC heap before
{Heap before GC invocations=111 (full 22):
 def new generation   total 46656K, used 42448K [0x62800000, 0x65a90000, 0x6d2a0000)
  eden space 41536K, 100% used [0x62800000, 0x65090000, 0x65090000)
  from space 5120K,  17% used [0x65590000, 0x656742f0, 0x65a90000)
  to   space 5120K,   0% used [0x65090000, 0x65090000, 0x65590000)
 tenured generation   total 103388K, used 48573K [0x6d2a0000, 0x73797000, 0x82800000)
   the space 103388K,  46% used [0x6d2a0000, 0x7020f428, 0x7020f600, 0x73797000)
 compacting perm gen  total 47872K, used 47828K [0x82800000, 0x856c0000, 0x92800000)
   the space 47872K,  99% used [0x82800000, 0x856b5260, 0x856b5400, 0x856c0000)
    ro space 10240K,  58% used [0x92800000, 0x92de1558, 0x92de1600, 0x93200000)
    rw space 12288K,  59% used [0x93200000, 0x939164e8, 0x93916600, 0x93e00000)
Event: 920,415 GC heap after
Heap after GC invocations=112 (full 22):
 def new generation   total 46656K, used 963K [0x62800000, 0x65a90000, 0x6d2a0000)
  eden space 41536K,   0% used [0x62800000, 0x62800000, 0x65090000)
  from space 5120K,  18% used [0x65090000, 0x65180f78, 0x65590000)
  to   space 5120K,   0% used [0x65590000, 0x65590000, 0x65a90000)
 tenured generation   total 103388K, used 48573K [0x6d2a0000, 0x73797000, 0x82800000)
   the space 103388K,  46% used [0x6d2a0000, 0x7020f428, 0x7020f600, 0x73797000)
 compacting perm gen  total 47872K, used 47828K [0x82800000, 0x856c0000, 0x92800000)
   the space 47872K,  99% used [0x82800000, 0x856b5260, 0x856b5400, 0x856c0000)
    ro space 10240K,  58% used [0x92800000, 0x92de1558, 0x92de1600, 0x93200000)
    rw space 12288K,  59% used [0x93200000, 0x939164e8, 0x93916600, 0x93e00000)
}
Event: 926,995 GC heap before
{Heap before GC invocations=112 (full 22):
 def new generation   total 46656K, used 42486K [0x62800000, 0x65a90000, 0x6d2a0000)
  eden space 41536K,  99% used [0x62800000, 0x6508cb48, 0x65090000)
  from space 5120K,  18% used [0x65090000, 0x65180f78, 0x65590000)
  to   space 5120K,   0% used [0x65590000, 0x65590000, 0x65a90000)
 tenured generation   total 103388K, used 48573K [0x6d2a0000, 0x73797000, 0x82800000)
   the space 103388K,  46% used [0x6d2a0000, 0x7020f428, 0x7020f600, 0x73797000)
 compacting perm gen  total 47872K, used 47828K [0x82800000, 0x856c0000, 0x92800000)
   the space 47872K,  99% used [0x82800000, 0x856b5260, 0x856b5400, 0x856c0000)
    ro space 10240K,  58% used [0x92800000, 0x92de1558, 0x92de1600, 0x93200000)
    rw space 12288K,  59% used [0x93200000, 0x939164e8, 0x93916600, 0x93e00000)
Event: 927,004 GC heap after
Heap after GC invocations=113 (full 22):
 def new generation   total 46656K, used 954K [0x62800000, 0x65a90000, 0x6d2a0000)
  eden space 41536K,   0% used [0x62800000, 0x62800000, 0x65090000)
  from space 5120K,  18% used [0x65590000, 0x6567eb58, 0x65a90000)
  to   space 5120K,   0% used [0x65090000, 0x65090000, 0x65590000)
 tenured generation   total 103388K, used 48573K [0x6d2a0000, 0x73797000, 0x82800000)
   the space 103388K,  46% used [0x6d2a0000, 0x7020f428, 0x7020f600, 0x73797000)
 compacting perm gen  total 47872K, used 47828K [0x82800000, 0x856c0000, 0x92800000)
   the space 47872K,  99% used [0x82800000, 0x856b5260, 0x856b5400, 0x856c0000)
    ro space 10240K,  58% used [0x92800000, 0x92de1558, 0x92de1600, 0x93200000)
    rw space 12288K,  59% used [0x93200000, 0x939164e8, 0x93916600, 0x93e00000)
}

