# JRE version: OpenJDK Runtime Environment (7.0_79-b14) (build 1.7.0_79-b14)
# Java VM: OpenJDK Client VM (24.79-b02 mixed mode, sharing linux-x86 )
Heap
 def new generation   total 46976K, used 27729K [0x62800000, 0x65af0000, 0x6d2a0000)
  eden space 41792K,  64% used [0x62800000, 0x642783f8, 0x650d0000)
  from space 5184K,  12% used [0x650d0000, 0x6516c340, 0x655e0000)
  to   space 5184K,   0% used [0x655e0000, 0x655e0000, 0x65af0000)
 tenured generation   total 104104K, used 48249K [0x6d2a0000, 0x7384a000, 0x82800000)
   the space 104104K,  46% used [0x6d2a0000, 0x701be4f0, 0x701be600, 0x7384a000)
 compacting perm gen  total 47872K, used 47807K [0x82800000, 0x856c0000, 0x92800000)
   the space 47872K,  99% used [0x82800000, 0x856afcb8, 0x856afe00, 0x856c0000)
    ro space 10240K,  58% used [0x92800000, 0x92de1558, 0x92de1600, 0x93200000)
    rw space 12288K,  59% used [0x93200000, 0x939164e8, 0x93916600, 0x93e00000)
GC Heap History (10 events):
Event: 391,004 GC heap before
{Heap before GC invocations=63 (full 12):
 def new generation   total 46976K, used 43360K [0x62800000, 0x65af0000, 0x6d2a0000)
  eden space 41792K, 100% used [0x62800000, 0x650d0000, 0x650d0000)
  from space 5184K,  30% used [0x650d0000, 0x65258168, 0x655e0000)
  to   space 5184K,   0% used [0x655e0000, 0x655e0000, 0x65af0000)
 tenured generation   total 104104K, used 46992K [0x6d2a0000, 0x7384a000, 0x82800000)
   the space 104104K,  45% used [0x6d2a0000, 0x700842c0, 0x70084400, 0x7384a000)
 compacting perm gen  total 47872K, used 47805K [0x82800000, 0x856c0000, 0x92800000)
   the space 47872K,  99% used [0x82800000, 0x856af568, 0x856af600, 0x856c0000)
    ro space 10240K,  58% used [0x92800000, 0x92de1558, 0x92de1600, 0x93200000)
    rw space 12288K,  59% used [0x93200000, 0x939164e8, 0x93916600, 0x93e00000)
Event: 391,015 GC heap after
Heap after GC invocations=64 (full 12):
 def new generation   total 46976K, used 1311K [0x62800000, 0x65af0000, 0x6d2a0000)
  eden space 41792K,   0% used [0x62800000, 0x62800000, 0x650d0000)
  from space 5184K,  25% used [0x655e0000, 0x65727da0, 0x65af0000)
  to   space 5184K,   0% used [0x650d0000, 0x650d0000, 0x655e0000)
 tenured generation   total 104104K, used 46992K [0x6d2a0000, 0x7384a000, 0x82800000)
   the space 104104K,  45% used [0x6d2a0000, 0x700842c0, 0x70084400, 0x7384a000)
 compacting perm gen  total 47872K, used 47805K [0x82800000, 0x856c0000, 0x92800000)
   the space 47872K,  99% used [0x82800000, 0x856af568, 0x856af600, 0x856c0000)
    ro space 10240K,  58% used [0x92800000, 0x92de1558, 0x92de1600, 0x93200000)
    rw space 12288K,  59% used [0x93200000, 0x939164e8, 0x93916600, 0x93e00000)
}
Event: 396,022 GC heap before
{Heap before GC invocations=64 (full 12):
 def new generation   total 46976K, used 43102K [0x62800000, 0x65af0000, 0x6d2a0000)
  eden space 41792K,  99% used [0x62800000, 0x650cfe00, 0x650d0000)
  from space 5184K,  25% used [0x655e0000, 0x65727da0, 0x65af0000)
  to   space 5184K,   0% used [0x650d0000, 0x650d0000, 0x655e0000)
 tenured generation   total 104104K, used 46992K [0x6d2a0000, 0x7384a000, 0x82800000)
   the space 104104K,  45% used [0x6d2a0000, 0x700842c0, 0x70084400, 0x7384a000)
 compacting perm gen  total 47872K, used 47805K [0x82800000, 0x856c0000, 0x92800000)
   the space 47872K,  99% used [0x82800000, 0x856af568, 0x856af600, 0x856c0000)
    ro space 10240K,  58% used [0x92800000, 0x92de1558, 0x92de1600, 0x93200000)
    rw space 12288K,  59% used [0x93200000, 0x939164e8, 0x93916600, 0x93e00000)
Event: 396,032 GC heap after
Heap after GC invocations=65 (full 12):
 def new generation   total 46976K, used 1334K [0x62800000, 0x65af0000, 0x6d2a0000)
  eden space 41792K,   0% used [0x62800000, 0x62800000, 0x650d0000)
  from space 5184K,  25% used [0x650d0000, 0x6521dad8, 0x655e0000)
  to   space 5184K,   0% used [0x655e0000, 0x655e0000, 0x65af0000)
 tenured generation   total 104104K, used 46992K [0x6d2a0000, 0x7384a000, 0x82800000)
   the space 104104K,  45% used [0x6d2a0000, 0x700842c0, 0x70084400, 0x7384a000)
 compacting perm gen  total 47872K, used 47805K [0x82800000, 0x856c0000, 0x92800000)
   the space 47872K,  99% used [0x82800000, 0x856af568, 0x856af600, 0x856c0000)
    ro space 10240K,  58% used [0x92800000, 0x92de1558, 0x92de1600, 0x93200000)
    rw space 12288K,  59% used [0x93200000, 0x939164e8, 0x93916600, 0x93e00000)
}
Event: 400,705 GC heap before
{Heap before GC invocations=65 (full 12):
 def new generation   total 46976K, used 31003K [0x62800000, 0x65af0000, 0x6d2a0000)
  eden space 41792K,  70% used [0x62800000, 0x644f9370, 0x650d0000)
  from space 5184K,  25% used [0x650d0000, 0x6521dad8, 0x655e0000)
  to   space 5184K,   0% used [0x655e0000, 0x655e0000, 0x65af0000)
 tenured generation   total 104104K, used 46992K [0x6d2a0000, 0x7384a000, 0x82800000)
   the space 104104K,  45% used [0x6d2a0000, 0x700842c0, 0x70084400, 0x7384a000)
 compacting perm gen  total 47872K, used 47807K [0x82800000, 0x856c0000, 0x92800000)
   the space 47872K,  99% used [0x82800000, 0x856afc68, 0x856afe00, 0x856c0000)
    ro space 10240K,  58% used [0x92800000, 0x92de1558, 0x92de1600, 0x93200000)
    rw space 12288K,  59% used [0x93200000, 0x939164e8, 0x93916600, 0x93e00000)
Event: 401,180 GC heap after
Heap after GC invocations=66 (full 13):
 def new generation   total 46976K, used 0K [0x62800000, 0x65af0000, 0x6d2a0000)
  eden space 41792K,   0% used [0x62800000, 0x62800000, 0x650d0000)
  from space 5184K,   0% used [0x650d0000, 0x650d0000, 0x655e0000)
  to   space 5184K,   0% used [0x655e0000, 0x655e0000, 0x65af0000)
 tenured generation   total 104104K, used 48249K [0x6d2a0000, 0x7384a000, 0x82800000)
   the space 104104K,  46% used [0x6d2a0000, 0x701be4f0, 0x701be600, 0x7384a000)
 compacting perm gen  total 47872K, used 47807K [0x82800000, 0x856c0000, 0x92800000)
   the space 47872K,  99% used [0x82800000, 0x856afc68, 0x856afe00, 0x856c0000)
    ro space 10240K,  58% used [0x92800000, 0x92de1558, 0x92de1600, 0x93200000)
    rw space 12288K,  59% used [0x93200000, 0x939164e8, 0x93916600, 0x93e00000)
}
Event: 410,241 GC heap before
{Heap before GC invocations=66 (full 13):
 def new generation   total 46976K, used 41781K [0x62800000, 0x65af0000, 0x6d2a0000)
  eden space 41792K,  99% used [0x62800000, 0x650cd488, 0x650d0000)
  from space 5184K,   0% used [0x650d0000, 0x650d0000, 0x655e0000)
  to   space 5184K,   0% used [0x655e0000, 0x655e0000, 0x65af0000)
 tenured generation   total 104104K, used 48249K [0x6d2a0000, 0x7384a000, 0x82800000)
   the space 104104K,  46% used [0x6d2a0000, 0x701be4f0, 0x701be600, 0x7384a000)
 compacting perm gen  total 47872K, used 47807K [0x82800000, 0x856c0000, 0x92800000)
   the space 47872K,  99% used [0x82800000, 0x856afc68, 0x856afe00, 0x856c0000)
    ro space 10240K,  58% used [0x92800000, 0x92de1558, 0x92de1600, 0x93200000)
    rw space 12288K,  59% used [0x93200000, 0x939164e8, 0x93916600, 0x93e00000)
Event: 410,250 GC heap after
Heap after GC invocations=67 (full 13):
 def new generation   total 46976K, used 609K [0x62800000, 0x65af0000, 0x6d2a0000)
  eden space 41792K,   0% used [0x62800000, 0x62800000, 0x650d0000)
  from space 5184K,  11% used [0x655e0000, 0x656784a8, 0x65af0000)
  to   space 5184K,   0% used [0x650d0000, 0x650d0000, 0x655e0000)
 tenured generation   total 104104K, used 48249K [0x6d2a0000, 0x7384a000, 0x82800000)
   the space 104104K,  46% used [0x6d2a0000, 0x701be4f0, 0x701be600, 0x7384a000)
 compacting perm gen  total 47872K, used 47807K [0x82800000, 0x856c0000, 0x92800000)
   the space 47872K,  99% used [0x82800000, 0x856afc68, 0x856afe00, 0x856c0000)
    ro space 10240K,  58% used [0x92800000, 0x92de1558, 0x92de1600, 0x93200000)
    rw space 12288K,  59% used [0x93200000, 0x939164e8, 0x93916600, 0x93e00000)
}
Event: 411,715 GC heap before
{Heap before GC invocations=67 (full 13):
 def new generation   total 46976K, used 42401K [0x62800000, 0x65af0000, 0x6d2a0000)
  eden space 41792K, 100% used [0x62800000, 0x650d0000, 0x650d0000)
  from space 5184K,  11% used [0x655e0000, 0x656784a8, 0x65af0000)
  to   space 5184K,   0% used [0x650d0000, 0x650d0000, 0x655e0000)
 tenured generation   total 104104K, used 48249K [0x6d2a0000, 0x7384a000, 0x82800000)
   the space 104104K,  46% used [0x6d2a0000, 0x701be4f0, 0x701be600, 0x7384a000)
 compacting perm gen  total 47872K, used 47807K [0x82800000, 0x856c0000, 0x92800000)
   the space 47872K,  99% used [0x82800000, 0x856afcb8, 0x856afe00, 0x856c0000)
    ro space 10240K,  58% used [0x92800000, 0x92de1558, 0x92de1600, 0x93200000)
    rw space 12288K,  59% used [0x93200000, 0x939164e8, 0x93916600, 0x93e00000)
Event: 411,732 GC heap after
Heap after GC invocations=68 (full 13):
 def new generation   total 46976K, used 624K [0x62800000, 0x65af0000, 0x6d2a0000)
  eden space 41792K,   0% used [0x62800000, 0x62800000, 0x650d0000)
  from space 5184K,  12% used [0x650d0000, 0x6516c340, 0x655e0000)
  to   space 5184K,   0% used [0x655e0000, 0x655e0000, 0x65af0000)
 tenured generation   total 104104K, used 48249K [0x6d2a0000, 0x7384a000, 0x82800000)
   the space 104104K,  46% used [0x6d2a0000, 0x701be4f0, 0x701be600, 0x7384a000)
 compacting perm gen  total 47872K, used 47807K [0x82800000, 0x856c0000, 0x92800000)
   the space 47872K,  99% used [0x82800000, 0x856afcb8, 0x856afe00, 0x856c0000)
    ro space 10240K,  58% used [0x92800000, 0x92de1558, 0x92de1600, 0x93200000)
    rw space 12288K,  59% used [0x93200000, 0x939164e8, 0x93916600, 0x93e00000)
}

